<?xml version="1.0" encoding="UTF-8"?>
<!-- Generated by org.testng.reporters.JUnitReportReporter -->
<testsuite hostname="DESKTOP-LNCT1G8" failures="0" tests="3" name="com.java.streams.Sorting" time="0.061" errors="0" timestamp="2020-10-13T10:43:21 IST" skipped="0">
  <testcase classname="com.java.streams.Sorting" name="stringSort" time="0.054"/>
  <system-out/>
  <testcase classname="com.java.streams.Sorting" name="test" time="0.003"/>
  <system-out/>
  <testcase classname="com.java.streams.Sorting" name="sort" time="0.004"/>
  <system-out/>
</testsuite> <!-- com.java.streams.Sorting -->
